\BOOKMARK [0][-]{chapter*.1}{Abstract}{}% 1
\BOOKMARK [0][-]{chapter*.3}{Acknowledgments}{}% 2
\BOOKMARK [0][-]{chapter.1}{Introduction}{}% 3
\BOOKMARK [1][-]{section.1.1}{Motivation}{chapter.1}% 4
\BOOKMARK [1][-]{section.1.2}{Background}{chapter.1}% 5
\BOOKMARK [1][-]{section.1.3}{Self-paced assessment}{chapter.1}% 6
\BOOKMARK [0][-]{chapter.2}{In context, math is not fair.}{}% 7
\BOOKMARK [1][-]{section.2.1}{Implicit Biases by Instructors}{chapter.2}% 8
\BOOKMARK [1][-]{section.2.2}{Structural Biases by Institutions}{chapter.2}% 9
\BOOKMARK [1][-]{section.2.3}{Cultural Obstructions}{chapter.2}% 10
\BOOKMARK [0][-]{chapter.3}{Self-Regulation}{}% 11
\BOOKMARK [1][-]{section.3.1}{Definition}{chapter.3}% 12
\BOOKMARK [1][-]{section.3.2}{In history.}{chapter.3}% 13
\BOOKMARK [1][-]{section.3.3}{Self-Assessment and Evaluation}{chapter.3}% 14
\BOOKMARK [1][-]{section.3.4}{An example of self-assessment: self-paced assessment.}{chapter.3}% 15
\BOOKMARK [0][-]{chapter.4}{The case study}{}% 16
\BOOKMARK [1][-]{section.4.1}{Introduction}{chapter.4}% 17
\BOOKMARK [1][-]{section.4.2}{Method}{chapter.4}% 18
\BOOKMARK [1][-]{section.4.3}{Results}{chapter.4}% 19
\BOOKMARK [1][-]{section.4.4}{Discussion}{chapter.4}% 20
\BOOKMARK [0][-]{chapter*.18}{Bibliography}{}% 21
