\BOOKMARK [0][-]{chapter*.1}{Abstract}{}% 1
\BOOKMARK [0][-]{chapter*.3}{Acknowledgments}{}% 2
\BOOKMARK [0][-]{chapter.1}{Introduction}{}% 3
\BOOKMARK [1][-]{section.1.1}{Motivation}{chapter.1}% 4
\BOOKMARK [1][-]{section.1.2}{Background}{chapter.1}% 5
\BOOKMARK [1][-]{section.1.3}{Self-paced assessment}{chapter.1}% 6
\BOOKMARK [0][-]{chapter.2}{In context, math is not fair.}{}% 7
\BOOKMARK [1][-]{section.2.1}{Implicit Biases by Instructors}{chapter.2}% 8
\BOOKMARK [1][-]{section.2.2}{Structural Biases by Institutions}{chapter.2}% 9
\BOOKMARK [1][-]{section.2.3}{Cultural Obstructions}{chapter.2}% 10
\BOOKMARK [0][-]{chapter.3}{In context, math is not fair.}{}% 11
\BOOKMARK [1][-]{section.3.1}{The need for change}{chapter.3}% 12
\BOOKMARK [1][-]{section.3.2}{Mathematics is not fair}{chapter.3}% 13
\BOOKMARK [0][-]{chapter.4}{Self-Regulation}{}% 14
\BOOKMARK [1][-]{section.4.1}{Definition}{chapter.4}% 15
\BOOKMARK [1][-]{section.4.2}{Self-Assessment and Evaluation}{chapter.4}% 16
\BOOKMARK [1][-]{section.4.3}{An example of self-assessment: self-paced assessment.}{chapter.4}% 17
\BOOKMARK [0][-]{chapter.5}{The case study}{}% 18
\BOOKMARK [1][-]{section.5.1}{Introduction}{chapter.5}% 19
\BOOKMARK [1][-]{section.5.2}{A \(not so\) brief note on Mudd}{chapter.5}% 20
\BOOKMARK [1][-]{section.5.3}{Method}{chapter.5}% 21
\BOOKMARK [0][-]{chapter*.10}{Bibliography}{}% 22
