This is pdfTeX, Version 3.14159265-2.6-1.40.19 (MiKTeX 2.9.6840) (preloaded format=pdflatex 2018.12.4)  6 DEC 2018 13:19
entering extended mode
**./thesis-poster.tex
(thesis-poster.tex
LaTeX2e <2018-04-01> patch level 5
(hmcposter.cls
Document Class: hmcposter 2015/03/31 v6.0 HMC Mathematics LaTeX poster class

("/Users/jennylee/Library/Application Support/MiKTeX/texmfs/install/tex/latex/b
ase/article.cls"
Document Class: article 2014/09/29 v1.4h Standard LaTeX document class

("/Users/jennylee/Library/Application Support/MiKTeX/texmfs/install/tex/latex/b
ase/size10.clo"
File: size10.clo 2014/09/29 v1.4h Standard LaTeX file (size option)
)
\c@part=\count80
\c@section=\count81
\c@subsection=\count82
\c@subsubsection=\count83
\c@paragraph=\count84
\c@subparagraph=\count85
\c@figure=\count86
\c@table=\count87
\abovecaptionskip=\skip41
\belowcaptionskip=\skip42
\bibindent=\dimen102
) (hmcposter.cfg
File: hmcposter.cfg 2008/04/02 v1.0 hmcposter configuration file
)
("/Users/jennylee/Library/Application Support/MiKTeX/texmfs/install/tex/latex/b
ase/ifthen.sty"
Package: ifthen 2014/09/29 v1.1c Standard LaTeX ifthen package (DPC)
)
("/Users/jennylee/Library/Application Support/MiKTeX/texmfs/install/tex/latex/p
snfss/mathpazo.sty"
Package: mathpazo 2005/04/12 PSNFSS-v9.2a Palatino w/ Pazo Math (D.Puga, WaS) 
\symupright=\mathgroup4
)
("/Users/jennylee/Library/Application Support/MiKTeX/texmfs/install/tex/latex/p
snfss/helvet.sty"
Package: helvet 2005/04/12 PSNFSS-v9.2a (WaS) 

("/Users/jennylee/Library/Application Support/MiKTeX/texmfs/install/tex/latex/g
raphics/keyval.sty"
Package: keyval 2014/10/28 v1.15 key=value parser (DPC)
\KV@toks@=\toks14
))
("/Users/jennylee/Library/Application Support/MiKTeX/texmfs/install/tex/latex/s
ectsty/sectsty.sty"
Package: sectsty 2002/02/25 v2.0.2 Commands to change all sectional heading sty
les
)
("/Users/jennylee/Library/Application Support/MiKTeX/texmfs/install/tex/latex/c
aption/caption.sty"
Package: caption 2018/10/06 v3.3-154 Customizing captions (AR)

("/Users/jennylee/Library/Application Support/MiKTeX/texmfs/install/tex/latex/c
aption/caption3.sty"
Package: caption3 2018/09/12 v1.8c caption3 kernel (AR)
Package caption3 Info: TeX engine: e-TeX on input line 64.
\captionmargin=\dimen103
\captionmargin@=\dimen104
\captionwidth=\dimen105
\caption@tempdima=\dimen106
\caption@indent=\dimen107
\caption@parindent=\dimen108
\caption@hangindent=\dimen109
)
\c@caption@flags=\count88
\c@ContinuedFloat=\count89
)
("/Users/jennylee/Library/Application Support/MiKTeX/texmfs/install/tex/latex/g
raphics/graphics.sty"
Package: graphics 2017/06/25 v1.2c Standard LaTeX Graphics (DPC,SPQR)

("/Users/jennylee/Library/Application Support/MiKTeX/texmfs/install/tex/latex/g
raphics/trig.sty"
Package: trig 2016/01/03 v1.10 sin cos tan (DPC)
)
("/Users/jennylee/Library/Application Support/MiKTeX/texmfs/install/tex/latex/g
raphics-cfg/graphics.cfg"
File: graphics.cfg 2016/06/04 v1.11 sample graphics configuration
)
Package graphics Info: Driver file: pdftex.def on input line 99.

("/Users/jennylee/Library/Application Support/MiKTeX/texmfs/install/tex/latex/g
raphics-def/pdftex.def"
File: pdftex.def 2018/01/08 v1.0l Graphics/color driver for pdftex
))
("/Users/jennylee/Library/Application Support/MiKTeX/texmfs/install/tex/latex/g
raphics/color.sty"
Package: color 2016/07/10 v1.1e Standard LaTeX Color (DPC)

("/Users/jennylee/Library/Application Support/MiKTeX/texmfs/install/tex/latex/g
raphics-cfg/color.cfg"
File: color.cfg 2016/01/02 v1.6 sample color configuration
)
Package color Info: Driver file: pdftex.def on input line 147.
)
Package color Info: Redefining color black on input line 70.
Package color Info: Redefining color green on input line 72.

("/Users/jennylee/Library/Application Support/MiKTeX/texmfs/install/tex/latex/t
ools/multicol.sty"
Package: multicol 2018/04/20 v1.8s multicolumn formatting (FMi)
\c@tracingmulticols=\count90
\mult@box=\box26
\multicol@leftmargin=\dimen110
\c@unbalance=\count91
\c@collectmore=\count92
\doublecol@number=\count93
\multicoltolerance=\count94
\multicolpretolerance=\count95
\full@width=\dimen111
\page@free=\dimen112
\premulticols=\dimen113
\postmulticols=\dimen114
\multicolsep=\skip43
\multicolbaselineskip=\skip44
\partial@page=\box27
\last@line=\box28
\maxbalancingoverflow=\dimen115
\mult@rightbox=\box29
\mult@grightbox=\box30
\mult@gfirstbox=\box31
\mult@firstbox=\box32
\@tempa=\box33
\@tempa=\box34
\@tempa=\box35
\@tempa=\box36
\@tempa=\box37
\@tempa=\box38
\@tempa=\box39
\@tempa=\box40
\@tempa=\box41
\@tempa=\box42
\@tempa=\box43
\@tempa=\box44
\@tempa=\box45
\@tempa=\box46
\@tempa=\box47
\@tempa=\box48
\@tempa=\box49
\c@columnbadness=\count96
\c@finalcolumnbadness=\count97
\last@try=\dimen116
\multicolovershoot=\dimen117
\multicolundershoot=\dimen118
\mult@nat@firstbox=\box50
\colbreak@box=\box51
\mc@col@check@num=\count98
)
("/Users/jennylee/Library/Application Support/MiKTeX/texmfs/install/tex/latex/g
eometry/geometry.sty"
Package: geometry 2018/04/16 v5.8 Page Geometry

("/Users/jennylee/Library/Application Support/MiKTeX/texmfs/install/tex/generic
/oberdiek/ifpdf.sty"
Package: ifpdf 2018/09/07 v3.3 Provides the ifpdf switch
)
("/Users/jennylee/Library/Application Support/MiKTeX/texmfs/install/tex/generic
/oberdiek/ifvtex.sty"
Package: ifvtex 2016/05/16 v1.6 Detect VTeX and its facilities (HO)
Package ifvtex Info: VTeX not detected.
)
("/Users/jennylee/Library/Application Support/MiKTeX/texmfs/install/tex/generic
/ifxetex/ifxetex.sty"
Package: ifxetex 2010/09/12 v0.6 Provides ifxetex conditional
)
\Gm@cnth=\count99
\Gm@cntv=\count100
\c@Gm@tempcnt=\count101
\Gm@bindingoffset=\dimen119
\Gm@wd@mp=\dimen120
\Gm@odd@mp=\dimen121
\Gm@even@mp=\dimen122
\Gm@layoutwidth=\dimen123
\Gm@layoutheight=\dimen124
\Gm@layouthoffset=\dimen125
\Gm@layoutvoffset=\dimen126
\Gm@dimlist=\toks15

("/Users/jennylee/Library/Application Support/MiKTeX/texmfs/install/tex/latex/g
eometry/geometry.cfg"))
\ignored@length=\skip45

("/Users/jennylee/Library/Application Support/MiKTeX/texmfs/install/tex/latex/f
ancyhdr/fancyhdr.sty"
Package: fancyhdr 2017/06/30 v3.9a Extensive control of page headers and footer
s
\f@nch@headwidth=\skip46
\f@nch@O@elh=\skip47
\f@nch@O@erh=\skip48
\f@nch@O@olh=\skip49
\f@nch@O@orh=\skip50
\f@nch@O@elf=\skip51
\f@nch@O@erf=\skip52
\f@nch@O@olf=\skip53
\f@nch@O@orf=\skip54
))
("/Users/jennylee/Library/Application Support/MiKTeX/texmfs/install/tex/latex/g
raphics/graphicx.sty"
Package: graphicx 2017/06/01 v1.1a Enhanced LaTeX Graphics (DPC,SPQR)
\Gin@req@height=\dimen127
\Gin@req@width=\dimen128
)
("/Users/jennylee/Library/Application Support/MiKTeX/texmfs/install/tex/latex/n
atbib/natbib.sty"
Package: natbib 2010/09/13 8.31b (PWD, AO)
\bibhang=\skip55
\bibsep=\skip56
LaTeX Info: Redefining \cite on input line 694.
\c@NAT@ctr=\count102
)
("/Users/jennylee/Library/Application Support/MiKTeX/texmfs/install/tex/latex/b
ooktabs/booktabs.sty"
Package: booktabs 2005/04/14 v1.61803 publication quality tables
\heavyrulewidth=\dimen129
\lightrulewidth=\dimen130
\cmidrulewidth=\dimen131
\belowrulesep=\dimen132
\belowbottomsep=\dimen133
\aboverulesep=\dimen134
\abovetopsep=\dimen135
\cmidrulesep=\dimen136
\cmidrulekern=\dimen137
\defaultaddspace=\dimen138
\@cmidla=\count103
\@cmidlb=\count104
\@aboverulesep=\dimen139
\@belowrulesep=\dimen140
\@thisruleclass=\count105
\@lastruleclass=\count106
\@thisrulewidth=\dimen141
)
("/Users/jennylee/Library/Application Support/MiKTeX/texmfs/install/tex/latex/s
ubfig/subfig.sty"
Package: subfig 2005/06/28 ver: 1.3 subfig package
\c@KVtest=\count107
\sf@farskip=\skip57
\sf@captopadj=\dimen142
\sf@capskip=\skip58
\sf@nearskip=\skip59
\c@subfigure=\count108
\c@subfigure@save=\count109
\c@lofdepth=\count110
\c@subtable=\count111
\c@subtable@save=\count112
\c@lotdepth=\count113
\sf@top=\skip60
\sf@bottom=\skip61
)
("/Users/jennylee/Library/Application Support/MiKTeX/texmfs/install/tex/latex/a
msmath/amsmath.sty"
Package: amsmath 2017/09/02 v2.17a AMS math features
\@mathmargin=\skip62

For additional information on amsmath, use the `?' option.

("/Users/jennylee/Library/Application Support/MiKTeX/texmfs/install/tex/latex/a
msmath/amstext.sty"
Package: amstext 2000/06/29 v2.01 AMS text

("/Users/jennylee/Library/Application Support/MiKTeX/texmfs/install/tex/latex/a
msmath/amsgen.sty"
File: amsgen.sty 1999/11/30 v2.0 generic functions
\@emptytoks=\toks16
\ex@=\dimen143
))
("/Users/jennylee/Library/Application Support/MiKTeX/texmfs/install/tex/latex/a
msmath/amsbsy.sty"
Package: amsbsy 1999/11/29 v1.2d Bold Symbols
\pmbraise@=\dimen144
)
("/Users/jennylee/Library/Application Support/MiKTeX/texmfs/install/tex/latex/a
msmath/amsopn.sty"
Package: amsopn 2016/03/08 v2.02 operator names
)
\inf@bad=\count114
LaTeX Info: Redefining \frac on input line 213.
\uproot@=\count115
\leftroot@=\count116
LaTeX Info: Redefining \overline on input line 375.
\classnum@=\count117
\DOTSCASE@=\count118
LaTeX Info: Redefining \ldots on input line 472.
LaTeX Info: Redefining \dots on input line 475.
LaTeX Info: Redefining \cdots on input line 596.
\Mathstrutbox@=\box52
\strutbox@=\box53
\big@size=\dimen145
LaTeX Font Info:    Redeclaring font encoding OML on input line 712.
LaTeX Font Info:    Redeclaring font encoding OMS on input line 713.
\macc@depth=\count119
\c@MaxMatrixCols=\count120
\dotsspace@=\muskip10
\c@parentequation=\count121
\dspbrk@lvl=\count122
\tag@help=\toks17
\row@=\count123
\column@=\count124
\maxfields@=\count125
\andhelp@=\toks18
\eqnshift@=\dimen146
\alignsep@=\dimen147
\tagshift@=\dimen148
\tagwidth@=\dimen149
\totwidth@=\dimen150
\lineht@=\dimen151
\@envbody=\toks19
\multlinegap=\skip63
\multlinetaggap=\skip64
\mathdisplay@stack=\toks20
LaTeX Info: Redefining \[ on input line 2817.
LaTeX Info: Redefining \] on input line 2818.
)
("/Users/jennylee/Library/Application Support/MiKTeX/texmfs/install/tex/latex/b
ase/textcomp.sty"
Package: textcomp 2017/04/05 v2.0i Standard LaTeX package
Package textcomp Info: Sub-encoding information:
(textcomp)               5 = only ISO-Adobe without \textcurrency
(textcomp)               4 = 5 + \texteuro
(textcomp)               3 = 4 + \textohm
(textcomp)               2 = 3 + \textestimated + \textcurrency
(textcomp)               1 = TS1 - \textcircled - \t
(textcomp)               0 = TS1 (full)
(textcomp)             Font families with sub-encoding setting implement
(textcomp)             only a restricted character set as indicated.
(textcomp)             Family '?' is the default used for unknown fonts.
(textcomp)             See the documentation for details.
Package textcomp Info: Setting ? sub-encoding to TS1/1 on input line 79.

("/Users/jennylee/Library/Application Support/MiKTeX/texmfs/install/tex/latex/b
ase/ts1enc.def"
File: ts1enc.def 2001/06/05 v3.0e (jk/car/fm) Standard LaTeX file
Now handling font encoding TS1 ...
... processing UTF-8 mapping file for font encoding TS1

("/Users/jennylee/Library/Application Support/MiKTeX/texmfs/install/tex/latex/b
ase/ts1enc.dfu"
File: ts1enc.dfu 2018/04/05 v1.2c UTF-8 support for inputenc
   defining Unicode char U+00A2 (decimal 162)
   defining Unicode char U+00A3 (decimal 163)
   defining Unicode char U+00A4 (decimal 164)
   defining Unicode char U+00A5 (decimal 165)
   defining Unicode char U+00A6 (decimal 166)
   defining Unicode char U+00A7 (decimal 167)
   defining Unicode char U+00A8 (decimal 168)
   defining Unicode char U+00A9 (decimal 169)
   defining Unicode char U+00AA (decimal 170)
   defining Unicode char U+00AC (decimal 172)
   defining Unicode char U+00AE (decimal 174)
   defining Unicode char U+00AF (decimal 175)
   defining Unicode char U+00B0 (decimal 176)
   defining Unicode char U+00B1 (decimal 177)
   defining Unicode char U+00B2 (decimal 178)
   defining Unicode char U+00B3 (decimal 179)
   defining Unicode char U+00B4 (decimal 180)
   defining Unicode char U+00B5 (decimal 181)
   defining Unicode char U+00B6 (decimal 182)
   defining Unicode char U+00B7 (decimal 183)
   defining Unicode char U+00B9 (decimal 185)
   defining Unicode char U+00BA (decimal 186)
   defining Unicode char U+00BC (decimal 188)
   defining Unicode char U+00BD (decimal 189)
   defining Unicode char U+00BE (decimal 190)
   defining Unicode char U+00D7 (decimal 215)
   defining Unicode char U+00F7 (decimal 247)
   defining Unicode char U+0192 (decimal 402)
   defining Unicode char U+02C7 (decimal 711)
   defining Unicode char U+02D8 (decimal 728)
   defining Unicode char U+02DD (decimal 733)
   defining Unicode char U+0E3F (decimal 3647)
   defining Unicode char U+2016 (decimal 8214)
   defining Unicode char U+2020 (decimal 8224)
   defining Unicode char U+2021 (decimal 8225)
   defining Unicode char U+2022 (decimal 8226)
   defining Unicode char U+2030 (decimal 8240)
   defining Unicode char U+2031 (decimal 8241)
   defining Unicode char U+203B (decimal 8251)
   defining Unicode char U+203D (decimal 8253)
   defining Unicode char U+2044 (decimal 8260)
   defining Unicode char U+204E (decimal 8270)
   defining Unicode char U+2052 (decimal 8274)
   defining Unicode char U+20A1 (decimal 8353)
   defining Unicode char U+20A4 (decimal 8356)
   defining Unicode char U+20A6 (decimal 8358)
   defining Unicode char U+20A9 (decimal 8361)
   defining Unicode char U+20AB (decimal 8363)
   defining Unicode char U+20AC (decimal 8364)
   defining Unicode char U+20B1 (decimal 8369)
   defining Unicode char U+2103 (decimal 8451)
   defining Unicode char U+2116 (decimal 8470)
   defining Unicode char U+2117 (decimal 8471)
   defining Unicode char U+211E (decimal 8478)
   defining Unicode char U+2120 (decimal 8480)
   defining Unicode char U+2122 (decimal 8482)
   defining Unicode char U+2126 (decimal 8486)
   defining Unicode char U+2127 (decimal 8487)
   defining Unicode char U+212E (decimal 8494)
   defining Unicode char U+2190 (decimal 8592)
   defining Unicode char U+2191 (decimal 8593)
   defining Unicode char U+2192 (decimal 8594)
   defining Unicode char U+2193 (decimal 8595)
   defining Unicode char U+2329 (decimal 9001)
   defining Unicode char U+232A (decimal 9002)
   defining Unicode char U+2422 (decimal 9250)
   defining Unicode char U+25E6 (decimal 9702)
   defining Unicode char U+25EF (decimal 9711)
   defining Unicode char U+266A (decimal 9834)
   defining Unicode char U+FEFF (decimal 65279)
))
LaTeX Info: Redefining \oldstylenums on input line 334.
Package textcomp Info: Setting cmr sub-encoding to TS1/0 on input line 349.
Package textcomp Info: Setting cmss sub-encoding to TS1/0 on input line 350.
Package textcomp Info: Setting cmtt sub-encoding to TS1/0 on input line 351.
Package textcomp Info: Setting cmvtt sub-encoding to TS1/0 on input line 352.
Package textcomp Info: Setting cmbr sub-encoding to TS1/0 on input line 353.
Package textcomp Info: Setting cmtl sub-encoding to TS1/0 on input line 354.
Package textcomp Info: Setting ccr sub-encoding to TS1/0 on input line 355.
Package textcomp Info: Setting ptm sub-encoding to TS1/4 on input line 356.
Package textcomp Info: Setting pcr sub-encoding to TS1/4 on input line 357.
Package textcomp Info: Setting phv sub-encoding to TS1/4 on input line 358.
Package textcomp Info: Setting ppl sub-encoding to TS1/3 on input line 359.
Package textcomp Info: Setting pag sub-encoding to TS1/4 on input line 360.
Package textcomp Info: Setting pbk sub-encoding to TS1/4 on input line 361.
Package textcomp Info: Setting pnc sub-encoding to TS1/4 on input line 362.
Package textcomp Info: Setting pzc sub-encoding to TS1/4 on input line 363.
Package textcomp Info: Setting bch sub-encoding to TS1/4 on input line 364.
Package textcomp Info: Setting put sub-encoding to TS1/5 on input line 365.
Package textcomp Info: Setting uag sub-encoding to TS1/5 on input line 366.
Package textcomp Info: Setting ugq sub-encoding to TS1/5 on input line 367.
Package textcomp Info: Setting ul8 sub-encoding to TS1/4 on input line 368.
Package textcomp Info: Setting ul9 sub-encoding to TS1/4 on input line 369.
Package textcomp Info: Setting augie sub-encoding to TS1/5 on input line 370.
Package textcomp Info: Setting dayrom sub-encoding to TS1/3 on input line 371.
Package textcomp Info: Setting dayroms sub-encoding to TS1/3 on input line 372.

Package textcomp Info: Setting pxr sub-encoding to TS1/0 on input line 373.
Package textcomp Info: Setting pxss sub-encoding to TS1/0 on input line 374.
Package textcomp Info: Setting pxtt sub-encoding to TS1/0 on input line 375.
Package textcomp Info: Setting txr sub-encoding to TS1/0 on input line 376.
Package textcomp Info: Setting txss sub-encoding to TS1/0 on input line 377.
Package textcomp Info: Setting txtt sub-encoding to TS1/0 on input line 378.
Package textcomp Info: Setting lmr sub-encoding to TS1/0 on input line 379.
Package textcomp Info: Setting lmdh sub-encoding to TS1/0 on input line 380.
Package textcomp Info: Setting lmss sub-encoding to TS1/0 on input line 381.
Package textcomp Info: Setting lmssq sub-encoding to TS1/0 on input line 382.
Package textcomp Info: Setting lmvtt sub-encoding to TS1/0 on input line 383.
Package textcomp Info: Setting lmtt sub-encoding to TS1/0 on input line 384.
Package textcomp Info: Setting qhv sub-encoding to TS1/0 on input line 385.
Package textcomp Info: Setting qag sub-encoding to TS1/0 on input line 386.
Package textcomp Info: Setting qbk sub-encoding to TS1/0 on input line 387.
Package textcomp Info: Setting qcr sub-encoding to TS1/0 on input line 388.
Package textcomp Info: Setting qcs sub-encoding to TS1/0 on input line 389.
Package textcomp Info: Setting qpl sub-encoding to TS1/0 on input line 390.
Package textcomp Info: Setting qtm sub-encoding to TS1/0 on input line 391.
Package textcomp Info: Setting qzc sub-encoding to TS1/0 on input line 392.
Package textcomp Info: Setting qhvc sub-encoding to TS1/0 on input line 393.
Package textcomp Info: Setting futs sub-encoding to TS1/4 on input line 394.
Package textcomp Info: Setting futx sub-encoding to TS1/4 on input line 395.
Package textcomp Info: Setting futj sub-encoding to TS1/4 on input line 396.
Package textcomp Info: Setting hlh sub-encoding to TS1/3 on input line 397.
Package textcomp Info: Setting hls sub-encoding to TS1/3 on input line 398.
Package textcomp Info: Setting hlst sub-encoding to TS1/3 on input line 399.
Package textcomp Info: Setting hlct sub-encoding to TS1/5 on input line 400.
Package textcomp Info: Setting hlx sub-encoding to TS1/5 on input line 401.
Package textcomp Info: Setting hlce sub-encoding to TS1/5 on input line 402.
Package textcomp Info: Setting hlcn sub-encoding to TS1/5 on input line 403.
Package textcomp Info: Setting hlcw sub-encoding to TS1/5 on input line 404.
Package textcomp Info: Setting hlcf sub-encoding to TS1/5 on input line 405.
Package textcomp Info: Setting pplx sub-encoding to TS1/3 on input line 406.
Package textcomp Info: Setting pplj sub-encoding to TS1/3 on input line 407.
Package textcomp Info: Setting ptmx sub-encoding to TS1/4 on input line 408.
Package textcomp Info: Setting ptmj sub-encoding to TS1/4 on input line 409.
)
("/Users/jennylee/Library/Application Support/MiKTeX/texmfs/install/tex/latex/u
rl/url.sty"
\Urlmuskip=\muskip11
Package: url 2013/09/16  ver 3.4  Verb mode for urls, etc.
) (thesis-poster.aux)
\openout1 = `thesis-poster.aux'.

LaTeX Font Info:    Checking defaults for OML/cmm/m/it on input line 42.
LaTeX Font Info:    ... okay on input line 42.
LaTeX Font Info:    Checking defaults for T1/cmr/m/n on input line 42.
LaTeX Font Info:    ... okay on input line 42.
LaTeX Font Info:    Checking defaults for OT1/cmr/m/n on input line 42.
LaTeX Font Info:    ... okay on input line 42.
LaTeX Font Info:    Checking defaults for OMS/cmsy/m/n on input line 42.
LaTeX Font Info:    ... okay on input line 42.
LaTeX Font Info:    Checking defaults for OMX/cmex/m/n on input line 42.
LaTeX Font Info:    ... okay on input line 42.
LaTeX Font Info:    Checking defaults for U/cmr/m/n on input line 42.
LaTeX Font Info:    ... okay on input line 42.
LaTeX Font Info:    Checking defaults for TS1/cmr/m/n on input line 42.
LaTeX Font Info:    Try loading font information for TS1+cmr on input line 42.

("/Users/jennylee/Library/Application Support/MiKTeX/texmfs/install/tex/latex/b
ase/ts1cmr.fd"
File: ts1cmr.fd 2014/09/29 v2.5h Standard LaTeX font definitions
)
LaTeX Font Info:    ... okay on input line 42.
LaTeX Font Info:    Try loading font information for OT1+ppl on input line 42.

("/Users/jennylee/Library/Application Support/MiKTeX/texmfs/install/tex/latex/p
snfss/ot1ppl.fd"
File: ot1ppl.fd 2001/06/04 font definitions for OT1/ppl.
)
Package caption Info: Begin \AtBeginDocument code.
Package caption Info: subfig package v1.3 is loaded.
Package caption Info: End \AtBeginDocument code.

("/Users/jennylee/Library/Application Support/MiKTeX/texmfs/install/tex/context
/base/supp-pdf.mkii"
[Loading MPS to PDF converter (version 2006.09.02).]
\scratchcounter=\count126
\scratchdimen=\dimen152
\scratchbox=\box54
\nofMPsegments=\count127
\nofMParguments=\count128
\everyMPshowfont=\toks21
\MPscratchCnt=\count129
\MPscratchDim=\dimen153
\MPnumerator=\count130
\makeMPintoPDFobject=\count131
\everyMPtoPDFconversion=\toks22
)
("/Users/jennylee/Library/Application Support/MiKTeX/texmfs/install/tex/latex/o
berdiek/epstopdf-base.sty"
Package: epstopdf-base 2016/05/15 v2.6 Base part for package epstopdf

("/Users/jennylee/Library/Application Support/MiKTeX/texmfs/install/tex/generic
/oberdiek/infwarerr.sty"
Package: infwarerr 2016/05/16 v1.4 Providing info/warning/error messages (HO)
)
("/Users/jennylee/Library/Application Support/MiKTeX/texmfs/install/tex/latex/o
berdiek/grfext.sty"
Package: grfext 2016/05/16 v1.2 Manage graphics extensions (HO)

("/Users/jennylee/Library/Application Support/MiKTeX/texmfs/install/tex/generic
/oberdiek/kvdefinekeys.sty"
Package: kvdefinekeys 2016/05/16 v1.4 Define keys (HO)

("/Users/jennylee/Library/Application Support/MiKTeX/texmfs/install/tex/generic
/oberdiek/ltxcmds.sty"
Package: ltxcmds 2016/05/16 v1.23 LaTeX kernel commands for general use (HO)
)))
("/Users/jennylee/Library/Application Support/MiKTeX/texmfs/install/tex/latex/o
berdiek/kvoptions.sty"
Package: kvoptions 2016/05/16 v3.12 Key value format for package options (HO)

("/Users/jennylee/Library/Application Support/MiKTeX/texmfs/install/tex/generic
/oberdiek/kvsetkeys.sty"
Package: kvsetkeys 2016/05/16 v1.17 Key value parser (HO)

("/Users/jennylee/Library/Application Support/MiKTeX/texmfs/install/tex/generic
/oberdiek/etexcmds.sty"
Package: etexcmds 2016/05/16 v1.6 Avoid name clashes with e-TeX commands (HO)

("/Users/jennylee/Library/Application Support/MiKTeX/texmfs/install/tex/generic
/oberdiek/ifluatex.sty"
Package: ifluatex 2016/05/16 v1.4 Provides the ifluatex switch (HO)
Package ifluatex Info: LuaTeX not detected.
)
Package etexcmds Info: Could not find \expanded.
(etexcmds)             That can mean that you are not using pdfTeX 1.50 or
(etexcmds)             that some package has redefined \expanded.
(etexcmds)             In the latter case, load this package earlier.
)))
("/Users/jennylee/Library/Application Support/MiKTeX/texmfs/install/tex/generic
/oberdiek/pdftexcmds.sty"
Package: pdftexcmds 2018/09/10 v0.29 Utility functions of pdfTeX for LuaTeX (HO
)
Package pdftexcmds Info: LuaTeX not detected.
Package pdftexcmds Info: \pdf@primitive is available.
Package pdftexcmds Info: \pdf@ifprimitive is available.
Package pdftexcmds Info: \pdfdraftmode found.
)
Package epstopdf-base Info: Redefining graphics rule for `.eps' on input line 4
38.
Package grfext Info: Graphics extension search list:
(grfext)             [.pdf,.png,.jpg,.mps,.jpeg,.jbig2,.jb2,.PDF,.PNG,.JPG,.JPE
G,.JBIG2,.JB2,.eps]
(grfext)             \AppendGraphicsExtensions on input line 456.
)
*geometry* driver: auto-detecting
*geometry* detected driver: pdftex
*geometry* verbose mode - [ preamble ] result:
* driver: pdftex
* paper: custom
* layout: <same size as paper>
* layoutoffset:(h,v)=(0.0pt,0.0pt)
* hratio: 1:1
* vratio: 1:1
* modes: includehead includefoot 
* h-part:(L,W,R)=(126.47249pt, 2348.77501pt, 126.47249pt)
* v-part:(T,H,B)=(126.47249pt, 3197.94751pt, 144.54pt)
* \paperwidth=2601.71999pt
* \paperheight=3468.95999pt
* \textwidth=2348.77501pt
* \textheight=2619.78754pt
* \oddsidemargin=54.2025pt
* \evensidemargin=54.2025pt
* \topmargin=54.2025pt
* \headheight=469.75499pt
* \headsep=36.135pt
* \topskip=10.0pt
* \footskip=72.26999pt
* \marginparwidth=0.0pt
* \marginparsep=0.0pt
* \columnsep=72.26999pt
* \skip\footins=9.0pt plus 4.0pt minus 2.0pt
* \hoffset=0.0pt
* \voffset=0.0pt
* \mag=1000
* \@twocolumnfalse
* \@twosidefalse
* \@mparswitchfalse
* \@reversemarginfalse
* (1in=72.27pt=25.4mm, 1cm=28.453pt)

LaTeX Font Info:    Font shape `OT1/ppl/bx/n' in size <64> not available
(Font)              Font shape `OT1/ppl/b/n' tried instead on input line 46.
LaTeX Font Info:    Try loading font information for OT1+phv on input line 46.

("/Users/jennylee/Library/Application Support/MiKTeX/texmfs/install/tex/latex/p
snfss/ot1phv.fd"
File: ot1phv.fd 2001/06/04 scalable font definitions for OT1/phv.
)
LaTeX Font Info:    Font shape `OT1/phv/bx/n' in size <64> not available
(Font)              Font shape `OT1/phv/b/n' tried instead on input line 46.
LaTeX Font Info:    Font shape `OT1/phv/b/n' will be
(Font)              scaled to size 60.7998pt on input line 46.
LaTeX Font Info:    Try loading font information for TS1+ppl on input line 62.

("/Users/jennylee/Library/Application Support/MiKTeX/texmfs/install/tex/latex/p
snfss/ts1ppl.fd"
File: ts1ppl.fd 2001/06/04 font definitions for TS1/ppl.
)
LaTeX Font Info:    Try loading font information for OT1+pcr on input line 78.

("/Users/jennylee/Library/Application Support/MiKTeX/texmfs/install/tex/latex/p
snfss/ot1pcr.fd"
File: ot1pcr.fd 2001/06/04 font definitions for OT1/pcr.
)
LaTeX Font Info:    Calculating math sizes for size <36> on input line 78.
LaTeX Font Info:    Try loading font information for OML+zplm on input line 78.


("/Users/jennylee/Library/Application Support/MiKTeX/texmfs/install/tex/latex/p
snfss/omlzplm.fd"
File: omlzplm.fd 2002/09/08 Fontinst v1.914 font definitions for OML/zplm.
)
LaTeX Font Info:    Try loading font information for OMS+zplm on input line 78.


("/Users/jennylee/Library/Application Support/MiKTeX/texmfs/install/tex/latex/p
snfss/omszplm.fd"
File: omszplm.fd 2002/09/08 Fontinst v1.914 font definitions for OMS/zplm.
)
LaTeX Font Info:    Try loading font information for OMX+zplm on input line 78.


("/Users/jennylee/Library/Application Support/MiKTeX/texmfs/install/tex/latex/p
snfss/omxzplm.fd"
File: omxzplm.fd 2002/09/08 Fontinst v1.914 font definitions for OMX/zplm.
)
LaTeX Font Info:    Try loading font information for OT1+zplm on input line 78.


("/Users/jennylee/Library/Application Support/MiKTeX/texmfs/install/tex/latex/p
snfss/ot1zplm.fd"
File: ot1zplm.fd 2002/09/08 Fontinst v1.914 font definitions for OT1/zplm.
)
<units.png, id=1, 1229.59375pt x 156.585pt>
File: units.png Graphic file (type png)
<use units.png>
Package pdftex.def Info: units.png  used on input line 92.
(pdftex.def)             Requested size: 867.23999pt x 110.44261pt.
LaTeX Font Info:    Font shape `OT1/phv/m/n' will be
(Font)              scaled to size 34.19989pt on input line 93.
LaTeX Font Info:    Font shape `OT1/phv/bx/n' in size <36> not available
(Font)              Font shape `OT1/phv/b/n' tried instead on input line 93.
LaTeX Font Info:    Font shape `OT1/phv/b/n' will be
(Font)              scaled to size 34.19989pt on input line 93.
<trad.png, id=3, 967.615pt x 68.255pt>
File: trad.png Graphic file (type png)
<use trad.png>
Package pdftex.def Info: trad.png  used on input line 99.
(pdftex.def)             Requested size: 867.23999pt x 61.17688pt.
<spa.png, id=4, 969.6225pt x 74.2775pt>
File: spa.png Graphic file (type png)
<use spa.png>
Package pdftex.def Info: spa.png  used on input line 106.
(pdftex.def)             Requested size: 867.23999pt x 66.4377pt.
 (thesis-poster.bbl)
<hmclogo.pdf, id=5, 289.08pt x 289.08pt>
File: hmclogo.pdf Graphic file (type pdf)
<use hmclogo.pdf>
Package pdftex.def Info: hmclogo.pdf  used on input line 125.
(pdftex.def)             Requested size: 289.07928pt x 289.07928pt.
LaTeX Font Info:    Font shape `OT1/phv/m/n' will be
(Font)              scaled to size 60.7998pt on input line 125.
LaTeX Font Info:    Font shape `OT1/phv/m/n' will be
(Font)              scaled to size 94.9997pt on input line 125.
LaTeX Font Info:    Font shape `OT1/phv/bx/n' in size <100> not available
(Font)              Font shape `OT1/phv/b/n' tried instead on input line 125.
LaTeX Font Info:    Font shape `OT1/phv/b/n' will be
(Font)              scaled to size 94.9997pt on input line 125.
<hmcmath-hexen-logo.pdf, id=6, 302.12875pt x 154.5775pt>
File: hmcmath-hexen-logo.pdf Graphic file (type pdf)
<use hmcmath-hexen-logo.pdf>
Package pdftex.def Info: hmcmath-hexen-logo.pdf  used on input line 125.
(pdftex.def)             Requested size: 302.128pt x 154.5771pt.
LaTeX Font Info:    Font shape `OT1/ppl/bx/n' in size <36> not available
(Font)              Font shape `OT1/ppl/b/n' tried instead on input line 125.
 [1{/Users/jennylee/Library/Application Support/MiKTeX/texmfs/data/pdftex/confi
g/pdftex.map}

 <./hmclogo.pdf> <./hmcmath-hexen-logo.pdf> <./units.png> <./trad.png> <./spa.p
ng>] (thesis-poster.aux) ) 
Here is how much of TeX's memory you used:
 5547 strings out of 494889
 85981 string characters out of 3176777
 150854 words of memory out of 3000000
 9050 multiletter control sequences out of 15000+200000
 23367 words of font info for 52 fonts, out of 3000000 for 9000
 0 hyphenation exceptions out of 8191
 42i,20n,50p,777b,567s stack positions out of 5000i,500n,10000p,200000b,50000s
{/Users/jennylee/Library/Application Support/MiKTeX/t
exmfs/install/fonts/enc/dvips/base/8r.enc}</Users/jennylee/Library/Application 
Support/MiKTeX/texmfs/install/fonts/type1/urw/courier/ucrr8a.pfb></Users/jennyl
ee/Library/Application Support/MiKTeX/texmfs/install/fonts/type1/urw/helvetic/u
hvb8a.pfb></Users/jennylee/Library/Application Support/MiKTeX/texmfs/install/fo
nts/type1/urw/helvetic/uhvr8a.pfb></Users/jennylee/Library/Application Support/
MiKTeX/texmfs/install/fonts/type1/urw/palatino/uplb8a.pfb></Users/jennylee/Libr
ary/Application Support/MiKTeX/texmfs/install/fonts/type1/urw/palatino/uplr8a.p
fb></Users/jennylee/Library/Application Support/MiKTeX/texmfs/install/fonts/typ
e1/urw/palatino/uplri8a.pfb>
Output written on thesis-poster.pdf (1 page, 146727 bytes).
PDF statistics:
 83 PDF objects out of 1000 (max. 8388607)
 0 named destinations out of 1000 (max. 500000)
 26 words of extra memory for PDF output out of 10000 (max. 10000000)

