\BOOKMARK [1][-]{section.1}{Introduction}{}% 1
\BOOKMARK [1][-]{section.2}{Getting\040Started}{}% 2
\BOOKMARK [2][-]{subsection.2.1}{Installing\040from\040CTAN}{section.2}% 3
\BOOKMARK [2][-]{subsection.2.2}{Installing\040from\040GitHub}{section.2}% 4
\BOOKMARK [2][-]{subsection.2.3}{A\040Minimal\040Example}{section.2}% 5
\BOOKMARK [2][-]{subsection.2.4}{Dependencies}{section.2}% 6
\BOOKMARK [2][-]{subsection.2.5}{Pandoc}{section.2}% 7
\BOOKMARK [1][-]{section.3}{Customization}{}% 8
\BOOKMARK [2][-]{subsection.3.1}{Package\040options}{section.3}% 9
\BOOKMARK [3][-]{subsubsection.3.1.1}{Main\040theme}{subsection.3.1}% 10
\BOOKMARK [3][-]{subsubsection.3.1.2}{Inner\040theme}{subsection.3.1}% 11
\BOOKMARK [3][-]{subsubsection.3.1.3}{Outer\040theme}{subsection.3.1}% 12
\BOOKMARK [3][-]{subsubsection.3.1.4}{Color\040theme}{subsection.3.1}% 13
\BOOKMARK [3][-]{subsubsection.3.1.5}{Font\040theme}{subsection.3.1}% 14
\BOOKMARK [2][-]{subsection.3.2}{Color\040Customization}{section.3}% 15
\BOOKMARK [2][-]{subsection.3.3}{Font\040Customization}{section.3}% 16
\BOOKMARK [3][-]{subsubsection.3.3.1}{Old\040style\040figures}{subsection.3.3}% 17
\BOOKMARK [2][-]{subsection.3.4}{Commands}{section.3}% 18
\BOOKMARK [3][-]{subsubsection.3.4.1}{Standout\040frames}{subsection.3.4}% 19
\BOOKMARK [1][-]{section.4}{pgfplots\040integration}{}% 20
\BOOKMARK [2][-]{subsection.4.1}{Styles}{section.4}% 21
\BOOKMARK [2][-]{subsection.4.2}{Paul\040Tol\040colors}{section.4}% 22
\BOOKMARK [1][-]{section.5}{Tips\040&\040Tricks}{}% 23
\BOOKMARK [2][-]{subsection.5.1}{Backup\040Slides}{section.5}% 24
\BOOKMARK [1][-]{section.6}{Known\040Issues}{}% 25
\BOOKMARK [2][-]{subsection.6.1}{Title\040formats}{section.6}% 26
\BOOKMARK [2][-]{subsection.6.2}{Interactions\040with\040other\040color\040themes}{section.6}% 27
\BOOKMARK [2][-]{subsection.6.3}{Notes\040on\040second\040screen}{section.6}% 28
\BOOKMARK [2][-]{subsection.6.4}{Standout\040frames\040with\040labels}{section.6}% 29
\BOOKMARK [2][-]{subsection.6.5}{Standout\040frames\040with\040Pandoc}{section.6}% 30
\BOOKMARK [1][-]{section.7}{License}{}% 31
\BOOKMARK [1][-]{section.8}{Implementation}{}% 32
\BOOKMARK [2][-]{subsection.8.1}{metropolis\040parent\040theme}{section.8}% 33
\BOOKMARK [3][-]{subsubsection.8.1.1}{Package\040dependencies}{subsection.8.1}% 34
\BOOKMARK [3][-]{subsubsection.8.1.2}{Options}{subsection.8.1}% 35
\BOOKMARK [3][-]{subsubsection.8.1.3}{Component\040sub-packages}{subsection.8.1}% 36
\BOOKMARK [3][-]{subsubsection.8.1.4}{Custom\040commands}{subsection.8.1}% 37
\BOOKMARK [3][-]{subsubsection.8.1.5}{Process\040package\040options}{subsection.8.1}% 38
\BOOKMARK [2][-]{subsection.8.2}{metropolis\040inner\040theme}{section.8}% 39
\BOOKMARK [3][-]{subsubsection.8.2.1}{Package\040dependencies}{subsection.8.2}% 40
\BOOKMARK [3][-]{subsubsection.8.2.2}{Options}{subsection.8.2}% 41
\BOOKMARK [3][-]{subsubsection.8.2.3}{Title\040page}{subsection.8.2}% 42
\BOOKMARK [3][-]{subsubsection.8.2.4}{Section\040page}{subsection.8.2}% 43
\BOOKMARK [3][-]{subsubsection.8.2.5}{Block\040environments}{subsection.8.2}% 44
\BOOKMARK [3][-]{subsubsection.8.2.6}{Lists\040and\040floats}{subsection.8.2}% 45
\BOOKMARK [3][-]{subsubsection.8.2.7}{Footnotes}{subsection.8.2}% 46
\BOOKMARK [3][-]{subsubsection.8.2.8}{Text\040and\040spacing\040settings}{subsection.8.2}% 47
\BOOKMARK [3][-]{subsubsection.8.2.9}{Standout\040frames}{subsection.8.2}% 48
\BOOKMARK [3][-]{subsubsection.8.2.10}{Process\040package\040options}{subsection.8.2}% 49
\BOOKMARK [2][-]{subsection.8.3}{metropolis\040outer\040theme}{section.8}% 50
\BOOKMARK [3][-]{subsubsection.8.3.1}{Package\040dependencies}{subsection.8.3}% 51
\BOOKMARK [3][-]{subsubsection.8.3.2}{Options}{subsection.8.3}% 52
\BOOKMARK [3][-]{subsubsection.8.3.3}{Head\040and\040footline}{subsection.8.3}% 53
\BOOKMARK [3][-]{subsubsection.8.3.4}{Frametitle}{subsection.8.3}% 54
\BOOKMARK [3][-]{subsubsection.8.3.5}{Process\040package\040options}{subsection.8.3}% 55
\BOOKMARK [2][-]{subsection.8.4}{metropolis\040font\040theme}{section.8}% 56
\BOOKMARK [3][-]{subsubsection.8.4.1}{Package\040dependencies}{subsection.8.4}% 57
\BOOKMARK [3][-]{subsubsection.8.4.2}{Load\040Fira\040fonts}{subsection.8.4}% 58
\BOOKMARK [3][-]{subsubsection.8.4.3}{General\040font\040definitions}{subsection.8.4}% 59
\BOOKMARK [3][-]{subsubsection.8.4.4}{Title\040format\040options}{subsection.8.4}% 60
\BOOKMARK [3][-]{subsubsection.8.4.5}{Process\040package\040options}{subsection.8.4}% 61
\BOOKMARK [2][-]{subsection.8.5}{metropolis\040color\040theme}{section.8}% 62
\BOOKMARK [3][-]{subsubsection.8.5.1}{Package\040dependencies}{subsection.8.5}% 63
\BOOKMARK [3][-]{subsubsection.8.5.2}{Options}{subsection.8.5}% 64
\BOOKMARK [3][-]{subsubsection.8.5.3}{Base\040colors}{subsection.8.5}% 65
\BOOKMARK [3][-]{subsubsection.8.5.4}{Base\040styles}{subsection.8.5}% 66
\BOOKMARK [3][-]{subsubsection.8.5.5}{Derived\040colors}{subsection.8.5}% 67
\BOOKMARK [3][-]{subsubsection.8.5.6}{Process\040package\040options}{subsection.8.5}% 68
\BOOKMARK [2][-]{subsection.8.6}{Tol\040pgfplots\040theme}{section.8}% 69
